<?xml version="1.0" encoding="UTF-8"?>
<testng-results ignored="0" total="1" passed="1" failed="0" skipped="0">
  <reporter-output>
  </reporter-output>
  <suite started-at="2022-01-20T20:09:44 IST" name="Default suite" finished-at="2022-01-20T20:09:44 IST" duration-ms="36">
    <groups>
    </groups>
    <test started-at="2022-01-20T20:09:44 IST" name="Default test" finished-at="2022-01-20T20:09:44 IST" duration-ms="36">
      <class name="practiceForGithub.Demo2">
        <test-method signature="democlass2()[pri:0, instance:practiceForGithub.Demo2@f381794]" started-at="2022-01-20T20:09:44 IST" name="democlass2" finished-at="2022-01-20T20:09:44 IST" duration-ms="8" status="PASS">
          <reporter-output>
          </reporter-output>
        </test-method> <!-- democlass2 -->
      </class> <!-- practiceForGithub.Demo2 -->
    </test> <!-- Default test -->
  </suite> <!-- Default suite -->
</testng-results>
