<?xml version="1.0" encoding="UTF-8"?>
<testng-results ignored="0" total="1" passed="1" failed="0" skipped="0">
  <reporter-output>
  </reporter-output>
  <suite started-at="2022-01-22T12:44:43 IST" name="Default suite" finished-at="2022-01-22T12:44:43 IST" duration-ms="57">
    <groups>
    </groups>
    <test started-at="2022-01-22T12:44:43 IST" name="Default test" finished-at="2022-01-22T12:44:43 IST" duration-ms="57">
      <class name="practiceForGithub.Demo1">
        <test-method signature="democlass1()[pri:0, instance:practiceForGithub.Demo1@f381794]" started-at="2022-01-22T12:44:43 IST" name="democlass1" finished-at="2022-01-22T12:44:43 IST" duration-ms="9" status="PASS">
          <reporter-output>
          </reporter-output>
        </test-method> <!-- democlass1 -->
      </class> <!-- practiceForGithub.Demo1 -->
    </test> <!-- Default test -->
  </suite> <!-- Default suite -->
</testng-results>
